1603214226502	mozrunner::runner	INFO	Running command: "/Applications/Firefox.app/Contents/MacOS/firefox-bin" "-marionette" "-foreground" "-no-remote" "-profile" "/var/folders/1f/7zs79q6j4pq_nrtq2qp7j06h0000gn/T/rust_mozprofile3w7Jhf"
console.warn: SearchSettings: "get: No settings file exists, new profile?" (new Error("", "(unknown module)"))
1603214237678	Marionette	INFO	Listening on port 58589
1603214237847	Marionette	WARN	TLS certificate errors will be ignored for this session
1603214273797	mozrunner::runner	INFO	Running command: "/Applications/Firefox.app/Contents/MacOS/firefox-bin" "-marionette" "-foreground" "-no-remote" "-profile" "/var/folders/1f/7zs79q6j4pq_nrtq2qp7j06h0000gn/T/rust_mozprofilepyjfsb"
console.warn: SearchSettings: "get: No settings file exists, new profile?" (new Error("", "(unknown module)"))
1603214281805	Marionette	INFO	Listening on port 58745
1603214281869	Marionette	WARN	TLS certificate errors will be ignored for this session
1603214391830	Marionette	INFO	Stopped listening on port 58745
1603214401001	Marionette	INFO	Stopped listening on port 58589
1603220848124	mozrunner::runner	INFO	Running command: "/Applications/Firefox.app/Contents/MacOS/firefox-bin" "-marionette" "-foreground" "-no-remote" "-profile" "/var/folders/1f/7zs79q6j4pq_nrtq2qp7j06h0000gn/T/rust_mozprofile9gFgHK"
console.warn: SearchSettings: "get: No settings file exists, new profile?" (new Error("", "(unknown module)"))
1603220857424	Marionette	INFO	Listening on port 61605
1603220857530	Marionette	WARN	TLS certificate errors will be ignored for this session
1603220859094	mozrunner::runner	INFO	Running command: "/Applications/Firefox.app/Contents/MacOS/firefox-bin" "-marionette" "-foreground" "-no-remote" "-profile" "/var/folders/1f/7zs79q6j4pq_nrtq2qp7j06h0000gn/T/rust_mozprofileiYo6o5"
console.warn: SearchSettings: "get: No settings file exists, new profile?" (new Error("", "(unknown module)"))
1603220864949	Marionette	INFO	Listening on port 61771
1603220865077	Marionette	WARN	TLS certificate errors will be ignored for this session
1603221420632	Marionette	INFO	Stopped listening on port 61771
1603221428109	Marionette	INFO	Stopped listening on port 61605
1603222940972	mozrunner::runner	INFO	Running command: "/Applications/Firefox.app/Contents/MacOS/firefox-bin" "-marionette" "-foreground" "-no-remote" "-profile" "/var/folders/1f/7zs79q6j4pq_nrtq2qp7j06h0000gn/T/rust_mozprofile5pJNRA"
console.warn: SearchSettings: "get: No settings file exists, new profile?" (new Error("", "(unknown module)"))
1603222950559	Marionette	INFO	Listening on port 63204
1603222950717	Marionette	WARN	TLS certificate errors will be ignored for this session
1603222952287	mozrunner::runner	INFO	Running command: "/Applications/Firefox.app/Contents/MacOS/firefox-bin" "-marionette" "-foreground" "-no-remote" "-profile" "/var/folders/1f/7zs79q6j4pq_nrtq2qp7j06h0000gn/T/rust_mozprofiley8BzCN"
console.warn: SearchSettings: "get: No settings file exists, new profile?" (new Error("", "(unknown module)"))
1603222958516	Marionette	INFO	Listening on port 63343
1603222958612	Marionette	WARN	TLS certificate errors will be ignored for this session
1603222960155	mozrunner::runner	INFO	Running command: "/Applications/Firefox.app/Contents/MacOS/firefox-bin" "-marionette" "-foreground" "-no-remote" "-profile" "/var/folders/1f/7zs79q6j4pq_nrtq2qp7j06h0000gn/T/rust_mozprofileEc4BDI"
console.warn: SearchSettings: "get: No settings file exists, new profile?" (new Error("", "(unknown module)"))
1603222966787	Marionette	INFO	Listening on port 63436
1603222966896	Marionette	WARN	TLS certificate errors will be ignored for this session
1603222968497	mozrunner::runner	INFO	Running command: "/Applications/Firefox.app/Contents/MacOS/firefox-bin" "-marionette" "-foreground" "-no-remote" "-profile" "/var/folders/1f/7zs79q6j4pq_nrtq2qp7j06h0000gn/T/rust_mozprofileEc0oqu"
console.warn: SearchSettings: "get: No settings file exists, new profile?" (new Error("", "(unknown module)"))
1603222974975	Marionette	INFO	Listening on port 63534
1603222975072	Marionette	WARN	TLS certificate errors will be ignored for this session
1603223212580	Marionette	INFO	Stopped listening on port 63204
1603223215642	Marionette	INFO	Stopped listening on port 63343
1603223221569	Marionette	INFO	Stopped listening on port 63436
1603223225855	Marionette	INFO	Stopped listening on port 63534
1603223537149	mozrunner::runner	INFO	Running command: "/Applications/Firefox.app/Contents/MacOS/firefox-bin" "-marionette" "-foreground" "-no-remote" "-profile" "/var/folders/1f/7zs79q6j4pq_nrtq2qp7j06h0000gn/T/rust_mozprofilesBWHqU"
console.warn: SearchSettings: "get: No settings file exists, new profile?" (new Error("", "(unknown module)"))
1603223546380	Marionette	INFO	Listening on port 64050
1603223546548	Marionette	WARN	TLS certificate errors will be ignored for this session
1603223546800	Marionette	INFO	Stopped listening on port 64050
console.warn: services.settings: main/whats-new-panel sync interrupted by shutdown
1603223549146	mozrunner::runner	INFO	Running command: "/Applications/Firefox.app/Contents/MacOS/firefox-bin" "-marionette" "-foreground" "-no-remote" "-profile" "/var/folders/1f/7zs79q6j4pq_nrtq2qp7j06h0000gn/T/rust_mozprofilexPSZd6"
console.warn: SearchSettings: "get: No settings file exists, new profile?" (new Error("", "(unknown module)"))
1603223553442	Marionette	INFO	Listening on port 64182
1603223553528	Marionette	WARN	TLS certificate errors will be ignored for this session
1603223553687	Marionette	INFO	Stopped listening on port 64182
1603223556134	mozrunner::runner	INFO	Running command: "/Applications/Firefox.app/Contents/MacOS/firefox-bin" "-marionette" "-foreground" "-no-remote" "-profile" "/var/folders/1f/7zs79q6j4pq_nrtq2qp7j06h0000gn/T/rust_mozprofileYm4GK6"
console.warn: SearchSettings: "get: No settings file exists, new profile?" (new Error("", "(unknown module)"))
1603223560817	Marionette	INFO	Listening on port 64255
1603223560902	Marionette	WARN	TLS certificate errors will be ignored for this session
1603223561070	Marionette	INFO	Stopped listening on port 64255
1603223563262	mozrunner::runner	INFO	Running command: "/Applications/Firefox.app/Contents/MacOS/firefox-bin" "-marionette" "-foreground" "-no-remote" "-profile" "/var/folders/1f/7zs79q6j4pq_nrtq2qp7j06h0000gn/T/rust_mozprofileWsULZc"
console.warn: SearchSettings: "get: No settings file exists, new profile?" (new Error("", "(unknown module)"))
1603223567510	Marionette	INFO	Listening on port 64334
1603223567576	Marionette	WARN	TLS certificate errors will be ignored for this session
1603223567633	Marionette	INFO	Stopped listening on port 64334
console.error: services.settings: 
  main/cfr Signature failed  TypeError: NetworkError when attempting to fetch resource.
1603559778785	mozrunner::runner	INFO	Running command: "/Applications/Firefox.app/Contents/MacOS/firefox-bin" "-marionette" "-foreground" "-no-remote" "-profile" "/var/folders/1f/7zs79q6j4pq_nrtq2qp7j06h0000gn/T/rust_mozprofileLAMdzb"
console.warn: SearchSettings: "get: No settings file exists, new profile?" (new Error("", "(unknown module)"))
1603559789907	Marionette	INFO	Listening on port 62180
1603559790046	Marionette	WARN	TLS certificate errors will be ignored for this session
1603559792205	Marionette	INFO	Stopped listening on port 62180
1603559794600	mozrunner::runner	INFO	Running command: "/Applications/Firefox.app/Contents/MacOS/firefox-bin" "-marionette" "-foreground" "-no-remote" "-profile" "/var/folders/1f/7zs79q6j4pq_nrtq2qp7j06h0000gn/T/rust_mozprofileLQpqZM"
console.warn: SearchSettings: "get: No settings file exists, new profile?" (new Error("", "(unknown module)"))
1603559800167	Marionette	INFO	Listening on port 62327
1603559800245	Marionette	WARN	TLS certificate errors will be ignored for this session
1603559800373	Marionette	INFO	Stopped listening on port 62327
1603559802725	mozrunner::runner	INFO	Running command: "/Applications/Firefox.app/Contents/MacOS/firefox-bin" "-marionette" "-foreground" "-no-remote" "-profile" "/var/folders/1f/7zs79q6j4pq_nrtq2qp7j06h0000gn/T/rust_mozprofileDwT8si"
console.warn: SearchSettings: "get: No settings file exists, new profile?" (new Error("", "(unknown module)"))
1603559807874	Marionette	INFO	Listening on port 62413
1603559807986	Marionette	WARN	TLS certificate errors will be ignored for this session
1603559810123	Marionette	INFO	Stopped listening on port 62413
1603559812474	mozrunner::runner	INFO	Running command: "/Applications/Firefox.app/Contents/MacOS/firefox-bin" "-marionette" "-foreground" "-no-remote" "-profile" "/var/folders/1f/7zs79q6j4pq_nrtq2qp7j06h0000gn/T/rust_mozprofileiETJJ5"
console.warn: SearchSettings: "get: No settings file exists, new profile?" (new Error("", "(unknown module)"))
1603559816782	Marionette	INFO	Listening on port 62501
1603559816842	Marionette	WARN	TLS certificate errors will be ignored for this session
1603559816977	Marionette	INFO	Stopped listening on port 62501
